<?xml version="1.0" encoding="UTF-8"?>
<!-- Generated by org.testng.reporters.JUnitReportReporter -->
<testsuite hostname="LAPYPRINCE" failures="0" tests="1" name="WebApp.WebTest" time="12.672" errors="0" timestamp="2024-09-19T12:36:16 IST" skipped="0">
  <testcase classname="WebApp.WebTest" name="web1" time="12.672"/>
</testsuite> <!-- WebApp.WebTest -->
