<?xml version="1.0" encoding="UTF-8"?>
<!-- Generated by org.testng.reporters.JUnitReportReporter -->
<testsuite hostname="LAPYPRINCE" failures="0" tests="1" name="NativeApps.apidemos" time="10.951" errors="0" timestamp="2024-09-17T16:09:33 IST" skipped="0">
  <testcase classname="NativeApps.apidemos" name="scrolls" time="10.951"/>
</testsuite> <!-- NativeApps.apidemos -->
