<?xml version="1.0" encoding="UTF-8"?>
<!-- Generated by org.testng.reporters.JUnitReportReporter -->
<testsuite hostname="LAPYPRINCE" failures="0" tests="1" name="HybridTest.MainTest" time="24.431" errors="0" timestamp="2024-09-18T13:28:11 IST" skipped="0">
  <testcase classname="HybridTest.MainTest" name="testShoppingCart" time="24.431"/>
</testsuite> <!-- HybridTest.MainTest -->
